app/build/intermediates/manifest_merge_blame_file/debug/manifest-merger-blame-debug-report.txt
1<?xml version="1.0" encoding="utf-8"?>
2<manifest xmlns:android="http://schemas.android.com/apk/res/android"
3    package="edu.cmu.sphinx.pocketsphinx"
4    android:versionCode="1"
5    android:versionName="1.1" >
6
7    <uses-sdk
8        android:minSdkVersion="14"
8-->src\main\AndroidManifest.xml
9        android:targetSdkVersion="28" />
9-->src\main\AndroidManifest.xml
10
11    <uses-feature
11-->src\main\AndroidManifest.xml:33:5-34:35
12        android:name="android.hardware.camera"
12-->src\main\AndroidManifest.xml:33:19-57
13        android:required="true" />
13-->src\main\AndroidManifest.xml:34:9-32
14
15    <uses-permission android:name="android.permission.WRITE_EXTERNAL_STORAGE" />
15-->src\main\AndroidManifest.xml:36:5-81
15-->src\main\AndroidManifest.xml:36:22-78
16    <uses-permission android:name="android.permission.READ_EXTERNAL_STORAGE" />
16-->src\main\AndroidManifest.xml:37:5-80
16-->src\main\AndroidManifest.xml:37:22-77
17    <uses-permission android:name="android.permission.RECORD_AUDIO" />
17-->src\main\AndroidManifest.xml:38:5-71
17-->src\main\AndroidManifest.xml:38:22-68
18    <uses-permission android:name="android.permission.ACCESS_FINE_LOCATION" />
18-->src\main\AndroidManifest.xml:39:5-79
18-->src\main\AndroidManifest.xml:39:22-76
19    <!-- Include required permissions for Google Maps API to run. -->
20    <uses-permission android:name="android.permission.ACCESS_NETWORK_STATE" />
20-->[com.google.android.gms:play-services-maps:17.0.0] AndroidManifest.xml:23:5-79
20-->[com.google.android.gms:play-services-maps:17.0.0] AndroidManifest.xml:23:22-76
21    <uses-permission android:name="android.permission.INTERNET" />
21-->[com.google.android.gms:play-services-maps:17.0.0] AndroidManifest.xml:24:5-67
21-->[com.google.android.gms:play-services-maps:17.0.0] AndroidManifest.xml:24:22-64
22
23    <uses-feature
23-->[com.google.android.gms:play-services-maps:17.0.0] AndroidManifest.xml:26:5-28:35
24        android:glEsVersion="0x00020000"
24-->[com.google.android.gms:play-services-maps:17.0.0] AndroidManifest.xml:27:9-41
25        android:required="true" />
25-->[com.google.android.gms:play-services-maps:17.0.0] AndroidManifest.xml:28:9-32
26
27    <application
27-->src\main\AndroidManifest.xml:5:5-32:19
28        android:allowBackup="true"
28-->src\main\AndroidManifest.xml:6:9-35
29        android:appComponentFactory="androidx.core.app.CoreComponentFactory"
29-->[androidx.core:core:1.2.0] AndroidManifest.xml:24:18-86
30        android:debuggable="true"
31        android:icon="@mipmap/ic_launcher"
31-->src\main\AndroidManifest.xml:7:9-43
32        android:label="@string/app_name"
32-->src\main\AndroidManifest.xml:8:9-41
33        android:roundIcon="@mipmap/ic_launcher_round"
33-->src\main\AndroidManifest.xml:9:9-54
34        android:supportsRtl="true"
34-->src\main\AndroidManifest.xml:10:9-35
35        android:testOnly="true"
36        android:theme="@style/AppTheme" >
36-->src\main\AndroidManifest.xml:11:9-40
37        <activity android:name="edu.cmu.pocketsphinx.demo.PocketSphinxActivity" />
37-->src\main\AndroidManifest.xml:12:9-67
37-->src\main\AndroidManifest.xml:12:19-55
38        <activity
38-->src\main\AndroidManifest.xml:13:9-22:20
39            android:name="edu.cmu.pocketsphinx.demo.MainActivity"
39-->src\main\AndroidManifest.xml:14:13-41
40            android:label="@string/app_name"
40-->src\main\AndroidManifest.xml:15:13-45
41            android:theme="@style/AppTheme.NoActionBar" >
41-->src\main\AndroidManifest.xml:16:13-56
42            <intent-filter>
42-->src\main\AndroidManifest.xml:17:13-21:29
43                <action android:name="android.intent.action.MAIN" />
43-->src\main\AndroidManifest.xml:18:17-69
43-->src\main\AndroidManifest.xml:18:25-66
44
45                <category android:name="android.intent.category.LAUNCHER" />
45-->src\main\AndroidManifest.xml:20:17-77
45-->src\main\AndroidManifest.xml:20:27-74
46            </intent-filter>
47        </activity>
48
49        <provider
49-->src\main\AndroidManifest.xml:23:9-31:20
50            android:name="androidx.core.content.FileProvider"
50-->src\main\AndroidManifest.xml:24:13-62
51            android:authorities="com.example.android.fileprovider"
51-->src\main\AndroidManifest.xml:25:13-67
52            android:exported="false"
52-->src\main\AndroidManifest.xml:26:13-37
53            android:grantUriPermissions="true" >
53-->src\main\AndroidManifest.xml:27:13-47
54            <meta-data
54-->src\main\AndroidManifest.xml:28:13-30:64
55                android:name="android.support.FILE_PROVIDER_PATHS"
55-->src\main\AndroidManifest.xml:29:17-67
56                android:resource="@xml/file_paths" />
56-->src\main\AndroidManifest.xml:30:17-51
57        </provider>
58        <!-- Needs to be explicitly declared on P+ -->
59        <uses-library
59-->[com.google.android.gms:play-services-maps:17.0.0] AndroidManifest.xml:33:9-35:40
60            android:name="org.apache.http.legacy"
60-->[com.google.android.gms:play-services-maps:17.0.0] AndroidManifest.xml:34:13-50
61            android:required="false" />
61-->[com.google.android.gms:play-services-maps:17.0.0] AndroidManifest.xml:35:13-37
62
63        <activity
63-->[com.google.android.gms:play-services-base:17.0.0] AndroidManifest.xml:23:9-26:75
64            android:name="com.google.android.gms.common.api.GoogleApiActivity"
64-->[com.google.android.gms:play-services-base:17.0.0] AndroidManifest.xml:24:13-79
65            android:exported="false"
65-->[com.google.android.gms:play-services-base:17.0.0] AndroidManifest.xml:25:13-37
66            android:theme="@android:style/Theme.Translucent.NoTitleBar" />
66-->[com.google.android.gms:play-services-base:17.0.0] AndroidManifest.xml:26:13-72
67
68        <meta-data
68-->[com.google.android.gms:play-services-basement:17.0.0] AndroidManifest.xml:23:9-25:69
69            android:name="com.google.android.gms.version"
69-->[com.google.android.gms:play-services-basement:17.0.0] AndroidManifest.xml:24:13-58
70            android:value="@integer/google_play_services_version" />
70-->[com.google.android.gms:play-services-basement:17.0.0] AndroidManifest.xml:25:13-66
71
72        <provider
72-->[androidx.lifecycle:lifecycle-process:2.2.0] AndroidManifest.xml:25:9-29:43
73            android:name="androidx.lifecycle.ProcessLifecycleOwnerInitializer"
73-->[androidx.lifecycle:lifecycle-process:2.2.0] AndroidManifest.xml:26:13-79
74            android:authorities="edu.cmu.sphinx.pocketsphinx.lifecycle-process"
74-->[androidx.lifecycle:lifecycle-process:2.2.0] AndroidManifest.xml:27:13-69
75            android:exported="false"
75-->[androidx.lifecycle:lifecycle-process:2.2.0] AndroidManifest.xml:28:13-37
76            android:multiprocess="true" />
76-->[androidx.lifecycle:lifecycle-process:2.2.0] AndroidManifest.xml:29:13-40
77    </application>
78
79</manifest>